[debug] [2018-01-17T18:51:45.824Z] ----------------------------------------------------------------------
[debug] [2018-01-17T18:51:45.826Z] Command:       /usr/local/bin/node /usr/local/bin/firebase deploy --only functions
[debug] [2018-01-17T18:51:45.826Z] CLI Version:   3.16.0
[debug] [2018-01-17T18:51:45.826Z] Platform:      darwin
[debug] [2018-01-17T18:51:45.826Z] Node Version:  v8.5.0
[debug] [2018-01-17T18:51:45.827Z] Time:          Wed Jan 17 2018 18:51:45 GMT+0000 (GMT)
[debug] [2018-01-17T18:51:45.827Z] ----------------------------------------------------------------------
[debug] 
[debug] [2018-01-17T18:51:45.839Z] > command requires scopes: ["email","openid","https://www.googleapis.com/auth/cloudplatformprojects.readonly","https://www.googleapis.com/auth/firebase","https://www.googleapis.com/auth/cloud-platform"]
[debug] [2018-01-17T18:51:45.839Z] > authorizing via signed-in user
[debug] [2018-01-17T18:51:45.841Z] > refreshing access token with scopes: ["email","https://www.googleapis.com/auth/cloud-platform","https://www.googleapis.com/auth/cloudplatformprojects.readonly","https://www.googleapis.com/auth/firebase","openid"]
[debug] [2018-01-17T18:51:45.841Z] >>> HTTP REQUEST POST https://www.googleapis.com/oauth2/v3/token  
 { refresh_token: '1/TGCJWW1NDIUxtbczu_GRfYX8OGTp3IFL0YPXsZFAWJs',
  client_id: '563584335869-fgrhgmd47bqnekij5i8b5pr03ho849e6.apps.googleusercontent.com',
  client_secret: 'j9iVZfS8kkCEFUPaAeJV0sAi',
  grant_type: 'refresh_token',
  scope: 'email https://www.googleapis.com/auth/cloud-platform https://www.googleapis.com/auth/cloudplatformprojects.readonly https://www.googleapis.com/auth/firebase openid' } 
 Wed Jan 17 2018 18:51:45 GMT+0000 (GMT)
[debug] [2018-01-17T18:51:46.063Z] <<< HTTP RESPONSE 200
[debug] [2018-01-17T18:51:46.074Z] >>> HTTP REQUEST GET https://admin.firebase.com/v1/projects/foalarm  
  
 Wed Jan 17 2018 18:51:46 GMT+0000 (GMT)
[debug] [2018-01-17T18:51:47.036Z] <<< HTTP RESPONSE 200
[debug] [2018-01-17T18:51:47.037Z] >>> HTTP REQUEST GET https://admin.firebase.com/v1/database/foalarm/tokens  
  
 Wed Jan 17 2018 18:51:47 GMT+0000 (GMT)
[debug] [2018-01-17T18:51:47.864Z] <<< HTTP RESPONSE 200
[info] 
[info] === Deploying to 'foalarm'...
[info] 
[info] i  deploying functions
[debug] [2018-01-17T18:51:48.692Z] > [functions] package.json contents: {
  "name": "functions",
  "description": "Cloud Functions for Firebase",
  "scripts": {
    "serve": "firebase serve --only functions",
    "shell": "firebase experimental:functions:shell",
    "start": "npm run shell",
    "deploy": "firebase deploy --only functions",
    "logs": "firebase functions:log"
  },
  "dependencies": {
    "@sendgrid/mail": "^6.2.0",
    "cors": "^2.8.4",
    "firebase-admin": "~5.4.2",
    "firebase-functions": "^0.7.1",
    "twilio": "^3.11.0"
  },
  "private": true
}
[info] i  functions: ensuring necessary APIs are enabled...
[debug] [2018-01-17T18:51:48.693Z] >>> HTTP REQUEST GET https://servicemanagement.googleapis.com/v1/services/cloudfunctions.googleapis.com/projectSettings/foalarm?view=CONSUMER_VIEW  
  
 Wed Jan 17 2018 18:51:48 GMT+0000 (GMT)
[debug] [2018-01-17T18:51:48.694Z] >>> HTTP REQUEST GET https://servicemanagement.googleapis.com/v1/services/runtimeconfig.googleapis.com/projectSettings/foalarm?view=CONSUMER_VIEW  
  
 Wed Jan 17 2018 18:51:48 GMT+0000 (GMT)
[debug] [2018-01-17T18:51:49.909Z] <<< HTTP RESPONSE 200
[debug] [2018-01-17T18:51:49.943Z] <<< HTTP RESPONSE 200
[info] ✔  functions: all necessary APIs are enabled
[debug] [2018-01-17T18:51:49.944Z] >>> HTTP REQUEST GET https://appengine.googleapis.com/v1/apps/foalarm  
  
 Wed Jan 17 2018 18:51:49 GMT+0000 (GMT)
[debug] [2018-01-17T18:51:49.945Z] >>> HTTP REQUEST GET https://apikeys.googleapis.com/v1/projects/foalarm/apiKeys  
  
 Wed Jan 17 2018 18:51:49 GMT+0000 (GMT)
[debug] [2018-01-17T18:51:50.929Z] <<< HTTP RESPONSE 200
[debug] [2018-01-17T18:51:50.994Z] <<< HTTP RESPONSE 200
[info] i  functions: preparing functions directory for uploading...
[debug] [2018-01-17T18:51:58.145Z] >>> HTTP REQUEST GET https://runtimeconfig.googleapis.com/v1beta1/projects/foalarm/configs  
  
 Wed Jan 17 2018 18:51:58 GMT+0000 (GMT)
[debug] [2018-01-17T18:51:58.610Z] <<< HTTP RESPONSE 200
[debug] [2018-01-17T18:51:58.611Z] >>> HTTP REQUEST GET https://runtimeconfig.googleapis.com/v1beta1/projects/foalarm/configs/twilio/variables  
  
 Wed Jan 17 2018 18:51:58 GMT+0000 (GMT)
[debug] [2018-01-17T18:51:58.612Z] >>> HTTP REQUEST GET https://runtimeconfig.googleapis.com/v1beta1/projects/foalarm/configs/sendgrid/variables  
  
 Wed Jan 17 2018 18:51:58 GMT+0000 (GMT)
[debug] [2018-01-17T18:51:58.931Z] <<< HTTP RESPONSE 200
[debug] [2018-01-17T18:51:58.932Z] >>> HTTP REQUEST GET https://runtimeconfig.googleapis.com/v1beta1/projects/foalarm/configs/sendgrid/variables/key  
  
 Wed Jan 17 2018 18:51:58 GMT+0000 (GMT)
[debug] [2018-01-17T18:51:58.983Z] <<< HTTP RESPONSE 200
[debug] [2018-01-17T18:51:58.984Z] >>> HTTP REQUEST GET https://runtimeconfig.googleapis.com/v1beta1/projects/foalarm/configs/twilio/variables/sid  
  
 Wed Jan 17 2018 18:51:58 GMT+0000 (GMT)
[debug] [2018-01-17T18:51:58.985Z] >>> HTTP REQUEST GET https://runtimeconfig.googleapis.com/v1beta1/projects/foalarm/configs/twilio/variables/token  
  
 Wed Jan 17 2018 18:51:58 GMT+0000 (GMT)
[debug] [2018-01-17T18:51:59.195Z] <<< HTTP RESPONSE 200
[debug] [2018-01-17T18:51:59.248Z] <<< HTTP RESPONSE 200
[debug] [2018-01-17T18:51:59.264Z] <<< HTTP RESPONSE 200
[info] i  functions: packaged functions (68.56 KB) for uploading
[debug] [2018-01-17T18:52:06.805Z] >>> HTTP REQUEST GET https://www.googleapis.com/storage/v1/b/staging.foalarm.appspot.com  
  
 Wed Jan 17 2018 18:52:06 GMT+0000 (GMT)
[debug] [2018-01-17T18:52:07.060Z] <<< HTTP RESPONSE 200
[debug] [2018-01-17T18:52:07.061Z] >>> HTTP REQUEST POST https://www.googleapis.com/upload/storage/v1/b/staging.foalarm.appspot.com/o?uploadType=media&name=firebase-functions-source  
 ReadStream {
  _readableState: 
   ReadableState {
     objectMode: false,
     highWaterMark: 65536,
     buffer: BufferList { head: [Object], tail: [Object], length: 1 },
     length: 65536,
     pipes: null,
     pipesCount: 0,
     flowing: null,
     ended: false,
     endEmitted: false,
     reading: false,
     sync: false,
     needReadable: false,
     emittedReadable: true,
     readableListening: false,
     resumeScheduled: false,
     destroyed: false,
     defaultEncoding: 'utf8',
     awaitDrain: 0,
     readingMore: false,
     decoder: null,
     encoding: null },
  readable: true,
  domain: null,
  _events: { end: [Function] },
  _eventsCount: 1,
  _maxListeners: undefined,
  path: '/var/folders/q6/rxbylzfn10v1frslh35zshrw0000gn/T/firebase-functions-49201jiJ4QujqPvkX.zip',
  fd: 19,
  flags: 'r',
  mode: 438,
  start: undefined,
  end: undefined,
  autoClose: true,
  pos: undefined,
  bytesRead: 65536 } 
 Wed Jan 17 2018 18:52:07 GMT+0000 (GMT)
[debug] [2018-01-17T18:52:08.132Z] <<< HTTP RESPONSE 200
[info] ✔  functions: functions folder uploaded successfully
[debug] [2018-01-17T18:52:08.135Z] >>> HTTP REQUEST GET https://cloudfunctions.googleapis.com/v1/projects/foalarm/locations/us-central1/functions  
  
 Wed Jan 17 2018 18:52:08 GMT+0000 (GMT)
[debug] [2018-01-17T18:52:08.748Z] <<< HTTP RESPONSE 200
[info] i  functions: updating function firebaseToFirestore...
[debug] [2018-01-17T18:52:08.752Z] Trigger is:  {"eventTrigger":{"resource":"projects/_/instances/foalarm/refs/data/{alarmkey}/{dataKey}","eventType":"providers/google.firebase.database/eventTypes/ref.write"}}
[info] i  functions: updating function textFoalAlert...
[debug] [2018-01-17T18:52:08.752Z] Trigger is:  {"eventTrigger":{"resource":"projects/foalarm/databases/(default)/documents/data/{key}/data/{dataKey}","eventType":"providers/cloud.firestore/eventTypes/document.write"}}
[info] i  functions: updating function sendFoalAlertEmail...
[debug] [2018-01-17T18:52:08.753Z] Trigger is:  {"eventTrigger":{"resource":"projects/foalarm/databases/(default)/documents/data/{key}/data/{dataKey}","eventType":"providers/cloud.firestore/eventTypes/document.write"}}
[info] i  functions: updating function saveFoalingAlert...
[debug] [2018-01-17T18:52:08.753Z] Trigger is:  {"eventTrigger":{"resource":"projects/foalarm/databases/(default)/documents/data/{key}/data/{dataKey}","eventType":"providers/cloud.firestore/eventTypes/document.write"}}
[debug] [2018-01-17T18:52:08.755Z] >>> HTTP REQUEST PATCH https://cloudfunctions.googleapis.com/v1/projects/foalarm/locations/us-central1/functions/firebaseToFirestore 
query params: {"updateMask":"sourceArchiveUrl,name,labels,eventTrigger.resource,eventTrigger.eventType"} 
 { sourceArchiveUrl: 'gs://staging.foalarm.appspot.com/firebase-functions-source',
  name: 'projects/foalarm/locations/us-central1/functions/firebaseToFirestore',
  labels: { 'deployment-tool': 'cli-firebase' },
  eventTrigger: 
   { resource: 'projects/_/instances/foalarm/refs/data/{alarmkey}/{dataKey}',
     eventType: 'providers/google.firebase.database/eventTypes/ref.write' } } 
 Wed Jan 17 2018 18:52:08 GMT+0000 (GMT)
[debug] [2018-01-17T18:52:08.757Z] >>> HTTP REQUEST PATCH https://cloudfunctions.googleapis.com/v1/projects/foalarm/locations/us-central1/functions/textFoalAlert 
query params: {"updateMask":"sourceArchiveUrl,name,labels,eventTrigger.resource,eventTrigger.eventType"} 
 { sourceArchiveUrl: 'gs://staging.foalarm.appspot.com/firebase-functions-source',
  name: 'projects/foalarm/locations/us-central1/functions/textFoalAlert',
  labels: { 'deployment-tool': 'cli-firebase' },
  eventTrigger: 
   { resource: 'projects/foalarm/databases/(default)/documents/data/{key}/data/{dataKey}',
     eventType: 'providers/cloud.firestore/eventTypes/document.write' } } 
 Wed Jan 17 2018 18:52:08 GMT+0000 (GMT)
[debug] [2018-01-17T18:52:08.757Z] >>> HTTP REQUEST PATCH https://cloudfunctions.googleapis.com/v1/projects/foalarm/locations/us-central1/functions/sendFoalAlertEmail 
query params: {"updateMask":"sourceArchiveUrl,name,labels,eventTrigger.resource,eventTrigger.eventType"} 
 { sourceArchiveUrl: 'gs://staging.foalarm.appspot.com/firebase-functions-source',
  name: 'projects/foalarm/locations/us-central1/functions/sendFoalAlertEmail',
  labels: { 'deployment-tool': 'cli-firebase' },
  eventTrigger: 
   { resource: 'projects/foalarm/databases/(default)/documents/data/{key}/data/{dataKey}',
     eventType: 'providers/cloud.firestore/eventTypes/document.write' } } 
 Wed Jan 17 2018 18:52:08 GMT+0000 (GMT)
[debug] [2018-01-17T18:52:08.758Z] >>> HTTP REQUEST PATCH https://cloudfunctions.googleapis.com/v1/projects/foalarm/locations/us-central1/functions/saveFoalingAlert 
query params: {"updateMask":"sourceArchiveUrl,name,labels,eventTrigger.resource,eventTrigger.eventType"} 
 { sourceArchiveUrl: 'gs://staging.foalarm.appspot.com/firebase-functions-source',
  name: 'projects/foalarm/locations/us-central1/functions/saveFoalingAlert',
  labels: { 'deployment-tool': 'cli-firebase' },
  eventTrigger: 
   { resource: 'projects/foalarm/databases/(default)/documents/data/{key}/data/{dataKey}',
     eventType: 'providers/cloud.firestore/eventTypes/document.write' } } 
 Wed Jan 17 2018 18:52:08 GMT+0000 (GMT)
[debug] [2018-01-17T18:52:09.261Z] <<< HTTP RESPONSE 200
[debug] [2018-01-17T18:52:09.263Z] <<< HTTP RESPONSE 200
[debug] [2018-01-17T18:52:09.271Z] <<< HTTP RESPONSE 200
[debug] [2018-01-17T18:52:09.669Z] <<< HTTP RESPONSE 200
[debug] [2018-01-17T18:52:09.672Z] >>> HTTP REQUEST GET https://cloudfunctions.googleapis.com/v1/operations/Zm9hbGFybS91cy1jZW50cmFsMS9maXJlYmFzZVRvRmlyZXN0b3JlLzJMenpwd3FGb1BV  
  
 Wed Jan 17 2018 18:52:09 GMT+0000 (GMT)
[debug] [2018-01-17T18:52:09.672Z] >>> HTTP REQUEST GET https://cloudfunctions.googleapis.com/v1/operations/Zm9hbGFybS91cy1jZW50cmFsMS90ZXh0Rm9hbEFsZXJ0L084bVBmYkNKbEt3  
  
 Wed Jan 17 2018 18:52:09 GMT+0000 (GMT)
[debug] [2018-01-17T18:52:09.673Z] >>> HTTP REQUEST GET https://cloudfunctions.googleapis.com/v1/operations/Zm9hbGFybS91cy1jZW50cmFsMS9zZW5kRm9hbEFsZXJ0RW1haWwvbFVFeWwxQ2czUnM  
  
 Wed Jan 17 2018 18:52:09 GMT+0000 (GMT)
[debug] [2018-01-17T18:52:09.673Z] >>> HTTP REQUEST GET https://cloudfunctions.googleapis.com/v1/operations/Zm9hbGFybS91cy1jZW50cmFsMS9zYXZlRm9hbGluZ0FsZXJ0L1BFMWs5QndFdGxz  
  
 Wed Jan 17 2018 18:52:09 GMT+0000 (GMT)
[debug] [2018-01-17T18:52:09.977Z] <<< HTTP RESPONSE 200
[debug] [2018-01-17T18:52:09.978Z] <<< HTTP RESPONSE 200
[debug] [2018-01-17T18:52:09.978Z] <<< HTTP RESPONSE 200
[debug] [2018-01-17T18:52:09.987Z] <<< HTTP RESPONSE 200
[debug] [2018-01-17T18:52:11.982Z] >>> HTTP REQUEST GET https://cloudfunctions.googleapis.com/v1/operations/Zm9hbGFybS91cy1jZW50cmFsMS90ZXh0Rm9hbEFsZXJ0L084bVBmYkNKbEt3  
  
 Wed Jan 17 2018 18:52:11 GMT+0000 (GMT)
[debug] [2018-01-17T18:52:11.986Z] >>> HTTP REQUEST GET https://cloudfunctions.googleapis.com/v1/operations/Zm9hbGFybS91cy1jZW50cmFsMS9zYXZlRm9hbGluZ0FsZXJ0L1BFMWs5QndFdGxz  
  
 Wed Jan 17 2018 18:52:11 GMT+0000 (GMT)
[debug] [2018-01-17T18:52:11.987Z] >>> HTTP REQUEST GET https://cloudfunctions.googleapis.com/v1/operations/Zm9hbGFybS91cy1jZW50cmFsMS9zZW5kRm9hbEFsZXJ0RW1haWwvbFVFeWwxQ2czUnM  
  
 Wed Jan 17 2018 18:52:11 GMT+0000 (GMT)
[debug] [2018-01-17T18:52:11.991Z] >>> HTTP REQUEST GET https://cloudfunctions.googleapis.com/v1/operations/Zm9hbGFybS91cy1jZW50cmFsMS9maXJlYmFzZVRvRmlyZXN0b3JlLzJMenpwd3FGb1BV  
  
 Wed Jan 17 2018 18:52:11 GMT+0000 (GMT)
[debug] [2018-01-17T18:52:12.281Z] <<< HTTP RESPONSE 200
[debug] [2018-01-17T18:52:12.283Z] <<< HTTP RESPONSE 200
[debug] [2018-01-17T18:52:12.311Z] <<< HTTP RESPONSE 200
[debug] [2018-01-17T18:52:12.371Z] <<< HTTP RESPONSE 200
[debug] [2018-01-17T18:52:14.287Z] >>> HTTP REQUEST GET https://cloudfunctions.googleapis.com/v1/operations/Zm9hbGFybS91cy1jZW50cmFsMS9zYXZlRm9hbGluZ0FsZXJ0L1BFMWs5QndFdGxz  
  
 Wed Jan 17 2018 18:52:14 GMT+0000 (GMT)
[debug] [2018-01-17T18:52:14.288Z] >>> HTTP REQUEST GET https://cloudfunctions.googleapis.com/v1/operations/Zm9hbGFybS91cy1jZW50cmFsMS90ZXh0Rm9hbEFsZXJ0L084bVBmYkNKbEt3  
  
 Wed Jan 17 2018 18:52:14 GMT+0000 (GMT)
[debug] [2018-01-17T18:52:14.318Z] >>> HTTP REQUEST GET https://cloudfunctions.googleapis.com/v1/operations/Zm9hbGFybS91cy1jZW50cmFsMS9zZW5kRm9hbEFsZXJ0RW1haWwvbFVFeWwxQ2czUnM  
  
 Wed Jan 17 2018 18:52:14 GMT+0000 (GMT)
[debug] [2018-01-17T18:52:14.373Z] >>> HTTP REQUEST GET https://cloudfunctions.googleapis.com/v1/operations/Zm9hbGFybS91cy1jZW50cmFsMS9maXJlYmFzZVRvRmlyZXN0b3JlLzJMenpwd3FGb1BV  
  
 Wed Jan 17 2018 18:52:14 GMT+0000 (GMT)
[debug] [2018-01-17T18:52:14.588Z] <<< HTTP RESPONSE 200
[debug] [2018-01-17T18:52:14.599Z] <<< HTTP RESPONSE 200
[debug] [2018-01-17T18:52:14.615Z] <<< HTTP RESPONSE 200
[debug] [2018-01-17T18:52:14.671Z] <<< HTTP RESPONSE 200
[debug] [2018-01-17T18:52:16.590Z] >>> HTTP REQUEST GET https://cloudfunctions.googleapis.com/v1/operations/Zm9hbGFybS91cy1jZW50cmFsMS90ZXh0Rm9hbEFsZXJ0L084bVBmYkNKbEt3  
  
 Wed Jan 17 2018 18:52:16 GMT+0000 (GMT)
[debug] [2018-01-17T18:52:16.600Z] >>> HTTP REQUEST GET https://cloudfunctions.googleapis.com/v1/operations/Zm9hbGFybS91cy1jZW50cmFsMS9zYXZlRm9hbGluZ0FsZXJ0L1BFMWs5QndFdGxz  
  
 Wed Jan 17 2018 18:52:16 GMT+0000 (GMT)
[debug] [2018-01-17T18:52:16.618Z] >>> HTTP REQUEST GET https://cloudfunctions.googleapis.com/v1/operations/Zm9hbGFybS91cy1jZW50cmFsMS9zZW5kRm9hbEFsZXJ0RW1haWwvbFVFeWwxQ2czUnM  
  
 Wed Jan 17 2018 18:52:16 GMT+0000 (GMT)
[debug] [2018-01-17T18:52:16.673Z] >>> HTTP REQUEST GET https://cloudfunctions.googleapis.com/v1/operations/Zm9hbGFybS91cy1jZW50cmFsMS9maXJlYmFzZVRvRmlyZXN0b3JlLzJMenpwd3FGb1BV  
  
 Wed Jan 17 2018 18:52:16 GMT+0000 (GMT)
[debug] [2018-01-17T18:52:16.905Z] <<< HTTP RESPONSE 200
[debug] [2018-01-17T18:52:16.906Z] <<< HTTP RESPONSE 200
[debug] [2018-01-17T18:52:16.911Z] <<< HTTP RESPONSE 200
[debug] [2018-01-17T18:52:16.959Z] <<< HTTP RESPONSE 200
