[debug] [2018-02-24T15:02:04.072Z] ----------------------------------------------------------------------
[debug] [2018-02-24T15:02:04.074Z] Command:       /usr/local/bin/node /usr/local/bin/firebase deploy --only functions
[debug] [2018-02-24T15:02:04.074Z] CLI Version:   3.16.0
[debug] [2018-02-24T15:02:04.074Z] Platform:      darwin
[debug] [2018-02-24T15:02:04.074Z] Node Version:  v8.5.0
[debug] [2018-02-24T15:02:04.075Z] Time:          Sat Feb 24 2018 15:02:04 GMT+0000 (GMT)
[debug] [2018-02-24T15:02:04.075Z] ----------------------------------------------------------------------
[debug] 
[debug] [2018-02-24T15:02:04.088Z] > command requires scopes: ["email","openid","https://www.googleapis.com/auth/cloudplatformprojects.readonly","https://www.googleapis.com/auth/firebase","https://www.googleapis.com/auth/cloud-platform"]
[debug] [2018-02-24T15:02:04.088Z] > authorizing via signed-in user
[debug] [2018-02-24T15:02:04.090Z] >>> HTTP REQUEST GET https://admin.firebase.com/v1/projects/foalarm  
  
 Sat Feb 24 2018 15:02:04 GMT+0000 (GMT)
[debug] [2018-02-24T15:02:04.803Z] <<< HTTP RESPONSE 200
[debug] [2018-02-24T15:02:04.803Z] >>> HTTP REQUEST GET https://admin.firebase.com/v1/database/foalarm/tokens  
  
 Sat Feb 24 2018 15:02:04 GMT+0000 (GMT)
[debug] [2018-02-24T15:02:05.665Z] <<< HTTP RESPONSE 200
[info] 
[info] === Deploying to 'foalarm'...
[info] 
[info] i  deploying functions
[debug] [2018-02-24T15:02:06.449Z] > [functions] package.json contents: {
  "name": "functions",
  "description": "Cloud Functions for Firebase",
  "scripts": {
    "serve": "firebase serve --only functions",
    "shell": "firebase experimental:functions:shell",
    "start": "npm run shell",
    "deploy": "firebase deploy --only functions",
    "logs": "firebase functions:log"
  },
  "dependencies": {
    "@google-cloud/storage": "^1.6.0",
    "@sendgrid/mail": "^6.2.0",
    "cors": "^2.8.4",
    "firebase-admin": "~5.4.2",
    "firebase-functions": "^0.7.1",
    "fs-extra": "^5.0.0",
    "json2csv": "^3.11.5",
    "twilio": "^3.11.0"
  },
  "private": true
}
[info] i  functions: ensuring necessary APIs are enabled...
[debug] [2018-02-24T15:02:06.451Z] >>> HTTP REQUEST GET https://servicemanagement.googleapis.com/v1/services/cloudfunctions.googleapis.com/projectSettings/foalarm?view=CONSUMER_VIEW  
  
 Sat Feb 24 2018 15:02:06 GMT+0000 (GMT)
[debug] [2018-02-24T15:02:06.451Z] >>> HTTP REQUEST GET https://servicemanagement.googleapis.com/v1/services/runtimeconfig.googleapis.com/projectSettings/foalarm?view=CONSUMER_VIEW  
  
 Sat Feb 24 2018 15:02:06 GMT+0000 (GMT)
[debug] [2018-02-24T15:02:08.328Z] <<< HTTP RESPONSE 200
[debug] [2018-02-24T15:02:08.349Z] <<< HTTP RESPONSE 200
[info] ✔  functions: all necessary APIs are enabled
[debug] [2018-02-24T15:02:08.351Z] >>> HTTP REQUEST GET https://appengine.googleapis.com/v1/apps/foalarm  
  
 Sat Feb 24 2018 15:02:08 GMT+0000 (GMT)
[debug] [2018-02-24T15:02:08.351Z] >>> HTTP REQUEST GET https://apikeys.googleapis.com/v1/projects/foalarm/apiKeys  
  
 Sat Feb 24 2018 15:02:08 GMT+0000 (GMT)
[debug] [2018-02-24T15:02:09.144Z] <<< HTTP RESPONSE 200
[debug] [2018-02-24T15:02:09.181Z] <<< HTTP RESPONSE 200
[info] i  functions: preparing functions directory for uploading...
[debug] [2018-02-24T15:02:16.016Z] >>> HTTP REQUEST GET https://runtimeconfig.googleapis.com/v1beta1/projects/foalarm/configs  
  
 Sat Feb 24 2018 15:02:16 GMT+0000 (GMT)
[debug] [2018-02-24T15:02:16.250Z] <<< HTTP RESPONSE 200
[debug] [2018-02-24T15:02:16.251Z] >>> HTTP REQUEST GET https://runtimeconfig.googleapis.com/v1beta1/projects/foalarm/configs/twilio/variables  
  
 Sat Feb 24 2018 15:02:16 GMT+0000 (GMT)
[debug] [2018-02-24T15:02:16.252Z] >>> HTTP REQUEST GET https://runtimeconfig.googleapis.com/v1beta1/projects/foalarm/configs/sendgrid/variables  
  
 Sat Feb 24 2018 15:02:16 GMT+0000 (GMT)
[debug] [2018-02-24T15:02:16.479Z] <<< HTTP RESPONSE 200
[debug] [2018-02-24T15:02:16.480Z] >>> HTTP REQUEST GET https://runtimeconfig.googleapis.com/v1beta1/projects/foalarm/configs/sendgrid/variables/key  
  
 Sat Feb 24 2018 15:02:16 GMT+0000 (GMT)
[debug] [2018-02-24T15:02:16.507Z] <<< HTTP RESPONSE 200
[debug] [2018-02-24T15:02:16.507Z] >>> HTTP REQUEST GET https://runtimeconfig.googleapis.com/v1beta1/projects/foalarm/configs/twilio/variables/sid  
  
 Sat Feb 24 2018 15:02:16 GMT+0000 (GMT)
[debug] [2018-02-24T15:02:16.508Z] >>> HTTP REQUEST GET https://runtimeconfig.googleapis.com/v1beta1/projects/foalarm/configs/twilio/variables/token  
  
 Sat Feb 24 2018 15:02:16 GMT+0000 (GMT)
[debug] [2018-02-24T15:02:17.114Z] <<< HTTP RESPONSE 200
[debug] [2018-02-24T15:02:17.125Z] <<< HTTP RESPONSE 200
[debug] [2018-02-24T15:02:17.165Z] <<< HTTP RESPONSE 200
[info] i  functions: packaged functions (76.43 KB) for uploading
[debug] [2018-02-24T15:02:22.779Z] >>> HTTP REQUEST GET https://www.googleapis.com/storage/v1/b/staging.foalarm.appspot.com  
  
 Sat Feb 24 2018 15:02:22 GMT+0000 (GMT)
[debug] [2018-02-24T15:02:23.165Z] <<< HTTP RESPONSE 200
[debug] [2018-02-24T15:02:23.167Z] >>> HTTP REQUEST POST https://www.googleapis.com/upload/storage/v1/b/staging.foalarm.appspot.com/o?uploadType=media&name=firebase-functions-source  
 ReadStream {
  _readableState: 
   ReadableState {
     objectMode: false,
     highWaterMark: 65536,
     buffer: BufferList { head: [Object], tail: [Object], length: 1 },
     length: 65536,
     pipes: null,
     pipesCount: 0,
     flowing: null,
     ended: false,
     endEmitted: false,
     reading: false,
     sync: false,
     needReadable: false,
     emittedReadable: true,
     readableListening: false,
     resumeScheduled: false,
     destroyed: false,
     defaultEncoding: 'utf8',
     awaitDrain: 0,
     readingMore: false,
     decoder: null,
     encoding: null },
  readable: true,
  domain: null,
  _events: { end: [Function] },
  _eventsCount: 1,
  _maxListeners: undefined,
  path: '/var/folders/q6/rxbylzfn10v1frslh35zshrw0000gn/T/firebase-functions-99928APX7LcJn6FOI.zip',
  fd: 19,
  flags: 'r',
  mode: 438,
  start: undefined,
  end: undefined,
  autoClose: true,
  pos: undefined,
  bytesRead: 65536 } 
 Sat Feb 24 2018 15:02:23 GMT+0000 (GMT)
[debug] [2018-02-24T15:02:24.090Z] <<< HTTP RESPONSE 200
[info] ✔  functions: functions folder uploaded successfully
[debug] [2018-02-24T15:02:24.093Z] >>> HTTP REQUEST GET https://cloudfunctions.googleapis.com/v1/projects/foalarm/locations/us-central1/functions  
  
 Sat Feb 24 2018 15:02:24 GMT+0000 (GMT)
[debug] [2018-02-24T15:02:24.470Z] <<< HTTP RESPONSE 200
[info] i  functions: updating function firebaseToFirestore...
[debug] [2018-02-24T15:02:24.474Z] Trigger is:  {"eventTrigger":{"resource":"projects/_/instances/foalarm/refs/data/{alarmkey}/{dataKey}","eventType":"providers/google.firebase.database/eventTypes/ref.write"}}
[info] i  functions: updating function textFoalAlert...
[debug] [2018-02-24T15:02:24.475Z] Trigger is:  {"eventTrigger":{"resource":"projects/foalarm/databases/(default)/documents/data/{key}/data/{dataKey}","eventType":"providers/cloud.firestore/eventTypes/document.write"}}
[info] i  functions: updating function sendFoalAlertEmail...
[debug] [2018-02-24T15:02:24.475Z] Trigger is:  {"eventTrigger":{"resource":"projects/foalarm/databases/(default)/documents/data/{key}/data/{dataKey}","eventType":"providers/cloud.firestore/eventTypes/document.write"}}
[info] i  functions: updating function saveFoalingAlert...
[debug] [2018-02-24T15:02:24.476Z] Trigger is:  {"eventTrigger":{"resource":"projects/foalarm/databases/(default)/documents/data/{key}/data/{dataKey}","eventType":"providers/cloud.firestore/eventTypes/document.write"}}
[info] i  functions: updating function pushNotication...
[debug] [2018-02-24T15:02:24.476Z] Trigger is:  {"eventTrigger":{"resource":"projects/foalarm/databases/(default)/documents/alerts/{alertKey}","eventType":"providers/cloud.firestore/eventTypes/document.create"}}
[info] i  functions: updating function createCSV...
[debug] [2018-02-24T15:02:24.477Z] Trigger is:  {"eventTrigger":{"resource":"projects/foalarm/databases/(default)/documents/reports/{reportId}","eventType":"providers/cloud.firestore/eventTypes/document.create"}}
[debug] [2018-02-24T15:02:24.479Z] >>> HTTP REQUEST PATCH https://cloudfunctions.googleapis.com/v1/projects/foalarm/locations/us-central1/functions/firebaseToFirestore 
query params: {"updateMask":"sourceArchiveUrl,name,labels,eventTrigger.resource,eventTrigger.eventType"} 
 { sourceArchiveUrl: 'gs://staging.foalarm.appspot.com/firebase-functions-source',
  name: 'projects/foalarm/locations/us-central1/functions/firebaseToFirestore',
  labels: { 'deployment-tool': 'cli-firebase' },
  eventTrigger: 
   { resource: 'projects/_/instances/foalarm/refs/data/{alarmkey}/{dataKey}',
     eventType: 'providers/google.firebase.database/eventTypes/ref.write' } } 
 Sat Feb 24 2018 15:02:24 GMT+0000 (GMT)
[debug] [2018-02-24T15:02:24.482Z] >>> HTTP REQUEST PATCH https://cloudfunctions.googleapis.com/v1/projects/foalarm/locations/us-central1/functions/textFoalAlert 
query params: {"updateMask":"sourceArchiveUrl,name,labels,eventTrigger.resource,eventTrigger.eventType"} 
 { sourceArchiveUrl: 'gs://staging.foalarm.appspot.com/firebase-functions-source',
  name: 'projects/foalarm/locations/us-central1/functions/textFoalAlert',
  labels: { 'deployment-tool': 'cli-firebase' },
  eventTrigger: 
   { resource: 'projects/foalarm/databases/(default)/documents/data/{key}/data/{dataKey}',
     eventType: 'providers/cloud.firestore/eventTypes/document.write' } } 
 Sat Feb 24 2018 15:02:24 GMT+0000 (GMT)
[debug] [2018-02-24T15:02:24.483Z] >>> HTTP REQUEST PATCH https://cloudfunctions.googleapis.com/v1/projects/foalarm/locations/us-central1/functions/sendFoalAlertEmail 
query params: {"updateMask":"sourceArchiveUrl,name,labels,eventTrigger.resource,eventTrigger.eventType"} 
 { sourceArchiveUrl: 'gs://staging.foalarm.appspot.com/firebase-functions-source',
  name: 'projects/foalarm/locations/us-central1/functions/sendFoalAlertEmail',
  labels: { 'deployment-tool': 'cli-firebase' },
  eventTrigger: 
   { resource: 'projects/foalarm/databases/(default)/documents/data/{key}/data/{dataKey}',
     eventType: 'providers/cloud.firestore/eventTypes/document.write' } } 
 Sat Feb 24 2018 15:02:24 GMT+0000 (GMT)
[debug] [2018-02-24T15:02:24.484Z] >>> HTTP REQUEST PATCH https://cloudfunctions.googleapis.com/v1/projects/foalarm/locations/us-central1/functions/saveFoalingAlert 
query params: {"updateMask":"sourceArchiveUrl,name,labels,eventTrigger.resource,eventTrigger.eventType"} 
 { sourceArchiveUrl: 'gs://staging.foalarm.appspot.com/firebase-functions-source',
  name: 'projects/foalarm/locations/us-central1/functions/saveFoalingAlert',
  labels: { 'deployment-tool': 'cli-firebase' },
  eventTrigger: 
   { resource: 'projects/foalarm/databases/(default)/documents/data/{key}/data/{dataKey}',
     eventType: 'providers/cloud.firestore/eventTypes/document.write' } } 
 Sat Feb 24 2018 15:02:24 GMT+0000 (GMT)
[debug] [2018-02-24T15:02:24.484Z] >>> HTTP REQUEST PATCH https://cloudfunctions.googleapis.com/v1/projects/foalarm/locations/us-central1/functions/pushNotication 
query params: {"updateMask":"sourceArchiveUrl,name,labels,eventTrigger.resource,eventTrigger.eventType"} 
 { sourceArchiveUrl: 'gs://staging.foalarm.appspot.com/firebase-functions-source',
  name: 'projects/foalarm/locations/us-central1/functions/pushNotication',
  labels: { 'deployment-tool': 'cli-firebase' },
  eventTrigger: 
   { resource: 'projects/foalarm/databases/(default)/documents/alerts/{alertKey}',
     eventType: 'providers/cloud.firestore/eventTypes/document.create' } } 
 Sat Feb 24 2018 15:02:24 GMT+0000 (GMT)
[debug] [2018-02-24T15:02:24.485Z] >>> HTTP REQUEST PATCH https://cloudfunctions.googleapis.com/v1/projects/foalarm/locations/us-central1/functions/createCSV 
query params: {"updateMask":"sourceArchiveUrl,name,labels,eventTrigger.resource,eventTrigger.eventType"} 
 { sourceArchiveUrl: 'gs://staging.foalarm.appspot.com/firebase-functions-source',
  name: 'projects/foalarm/locations/us-central1/functions/createCSV',
  labels: { 'deployment-tool': 'cli-firebase' },
  eventTrigger: 
   { resource: 'projects/foalarm/databases/(default)/documents/reports/{reportId}',
     eventType: 'providers/cloud.firestore/eventTypes/document.create' } } 
 Sat Feb 24 2018 15:02:24 GMT+0000 (GMT)
[debug] [2018-02-24T15:02:24.907Z] <<< HTTP RESPONSE 200
[debug] [2018-02-24T15:02:24.908Z] <<< HTTP RESPONSE 200
[debug] [2018-02-24T15:02:24.909Z] <<< HTTP RESPONSE 200
[debug] [2018-02-24T15:02:24.909Z] <<< HTTP RESPONSE 200
[debug] [2018-02-24T15:02:24.910Z] <<< HTTP RESPONSE 200
[debug] [2018-02-24T15:02:24.910Z] <<< HTTP RESPONSE 200
[debug] [2018-02-24T15:02:24.912Z] >>> HTTP REQUEST GET https://cloudfunctions.googleapis.com/v1/operations/Zm9hbGFybS91cy1jZW50cmFsMS9maXJlYmFzZVRvRmlyZXN0b3JlL0tmMG5HdVlvbkpB  
  
 Sat Feb 24 2018 15:02:24 GMT+0000 (GMT)
[debug] [2018-02-24T15:02:24.914Z] >>> HTTP REQUEST GET https://cloudfunctions.googleapis.com/v1/operations/Zm9hbGFybS91cy1jZW50cmFsMS90ZXh0Rm9hbEFsZXJ0LzlLejA2dnNzZW9j  
  
 Sat Feb 24 2018 15:02:24 GMT+0000 (GMT)
[debug] [2018-02-24T15:02:24.915Z] >>> HTTP REQUEST GET https://cloudfunctions.googleapis.com/v1/operations/Zm9hbGFybS91cy1jZW50cmFsMS9zZW5kRm9hbEFsZXJ0RW1haWwvbzQ4WUdfMWhXQjQ  
  
 Sat Feb 24 2018 15:02:24 GMT+0000 (GMT)
[debug] [2018-02-24T15:02:24.915Z] >>> HTTP REQUEST GET https://cloudfunctions.googleapis.com/v1/operations/Zm9hbGFybS91cy1jZW50cmFsMS9zYXZlRm9hbGluZ0FsZXJ0L0lSWFdDSFk0ZU4w  
  
 Sat Feb 24 2018 15:02:24 GMT+0000 (GMT)
[debug] [2018-02-24T15:02:24.915Z] >>> HTTP REQUEST GET https://cloudfunctions.googleapis.com/v1/operations/Zm9hbGFybS91cy1jZW50cmFsMS9wdXNoTm90aWNhdGlvbi90RGJyS0FCN1V3MA  
  
 Sat Feb 24 2018 15:02:24 GMT+0000 (GMT)
[debug] [2018-02-24T15:02:24.915Z] >>> HTTP REQUEST GET https://cloudfunctions.googleapis.com/v1/operations/Zm9hbGFybS91cy1jZW50cmFsMS9jcmVhdGVDU1YvWDZWYmRIZlFuZVU  
  
 Sat Feb 24 2018 15:02:24 GMT+0000 (GMT)
[debug] [2018-02-24T15:02:25.214Z] <<< HTTP RESPONSE 200
[debug] [2018-02-24T15:02:25.216Z] <<< HTTP RESPONSE 200
[debug] [2018-02-24T15:02:25.217Z] <<< HTTP RESPONSE 200
[debug] [2018-02-24T15:02:25.218Z] <<< HTTP RESPONSE 200
[debug] [2018-02-24T15:02:25.218Z] <<< HTTP RESPONSE 200
[debug] [2018-02-24T15:02:25.220Z] <<< HTTP RESPONSE 200
[debug] [2018-02-24T15:02:27.219Z] >>> HTTP REQUEST GET https://cloudfunctions.googleapis.com/v1/operations/Zm9hbGFybS91cy1jZW50cmFsMS9maXJlYmFzZVRvRmlyZXN0b3JlL0tmMG5HdVlvbkpB  
  
 Sat Feb 24 2018 15:02:27 GMT+0000 (GMT)
[debug] [2018-02-24T15:02:27.219Z] >>> HTTP REQUEST GET https://cloudfunctions.googleapis.com/v1/operations/Zm9hbGFybS91cy1jZW50cmFsMS9wdXNoTm90aWNhdGlvbi90RGJyS0FCN1V3MA  
  
 Sat Feb 24 2018 15:02:27 GMT+0000 (GMT)
[debug] [2018-02-24T15:02:27.220Z] >>> HTTP REQUEST GET https://cloudfunctions.googleapis.com/v1/operations/Zm9hbGFybS91cy1jZW50cmFsMS9zZW5kRm9hbEFsZXJ0RW1haWwvbzQ4WUdfMWhXQjQ  
  
 Sat Feb 24 2018 15:02:27 GMT+0000 (GMT)
[debug] [2018-02-24T15:02:27.220Z] >>> HTTP REQUEST GET https://cloudfunctions.googleapis.com/v1/operations/Zm9hbGFybS91cy1jZW50cmFsMS90ZXh0Rm9hbEFsZXJ0LzlLejA2dnNzZW9j  
  
 Sat Feb 24 2018 15:02:27 GMT+0000 (GMT)
[debug] [2018-02-24T15:02:27.221Z] >>> HTTP REQUEST GET https://cloudfunctions.googleapis.com/v1/operations/Zm9hbGFybS91cy1jZW50cmFsMS9zYXZlRm9hbGluZ0FsZXJ0L0lSWFdDSFk0ZU4w  
  
 Sat Feb 24 2018 15:02:27 GMT+0000 (GMT)
[debug] [2018-02-24T15:02:27.221Z] >>> HTTP REQUEST GET https://cloudfunctions.googleapis.com/v1/operations/Zm9hbGFybS91cy1jZW50cmFsMS9jcmVhdGVDU1YvWDZWYmRIZlFuZVU  
  
 Sat Feb 24 2018 15:02:27 GMT+0000 (GMT)
[debug] [2018-02-24T15:02:27.464Z] <<< HTTP RESPONSE 200
[debug] [2018-02-24T15:02:27.465Z] <<< HTTP RESPONSE 200
[debug] [2018-02-24T15:02:27.466Z] <<< HTTP RESPONSE 200
[debug] [2018-02-24T15:02:27.490Z] <<< HTTP RESPONSE 200
[debug] [2018-02-24T15:02:27.495Z] <<< HTTP RESPONSE 200
[debug] [2018-02-24T15:02:27.515Z] <<< HTTP RESPONSE 200
[debug] [2018-02-24T15:02:29.471Z] >>> HTTP REQUEST GET https://cloudfunctions.googleapis.com/v1/operations/Zm9hbGFybS91cy1jZW50cmFsMS90ZXh0Rm9hbEFsZXJ0LzlLejA2dnNzZW9j  
  
 Sat Feb 24 2018 15:02:29 GMT+0000 (GMT)
[debug] [2018-02-24T15:02:29.471Z] >>> HTTP REQUEST GET https://cloudfunctions.googleapis.com/v1/operations/Zm9hbGFybS91cy1jZW50cmFsMS9maXJlYmFzZVRvRmlyZXN0b3JlL0tmMG5HdVlvbkpB  
  
 Sat Feb 24 2018 15:02:29 GMT+0000 (GMT)
[debug] [2018-02-24T15:02:29.472Z] >>> HTTP REQUEST GET https://cloudfunctions.googleapis.com/v1/operations/Zm9hbGFybS91cy1jZW50cmFsMS9zZW5kRm9hbEFsZXJ0RW1haWwvbzQ4WUdfMWhXQjQ  
  
 Sat Feb 24 2018 15:02:29 GMT+0000 (GMT)
[debug] [2018-02-24T15:02:29.493Z] >>> HTTP REQUEST GET https://cloudfunctions.googleapis.com/v1/operations/Zm9hbGFybS91cy1jZW50cmFsMS9jcmVhdGVDU1YvWDZWYmRIZlFuZVU  
  
 Sat Feb 24 2018 15:02:29 GMT+0000 (GMT)
[debug] [2018-02-24T15:02:29.497Z] >>> HTTP REQUEST GET https://cloudfunctions.googleapis.com/v1/operations/Zm9hbGFybS91cy1jZW50cmFsMS9wdXNoTm90aWNhdGlvbi90RGJyS0FCN1V3MA  
  
 Sat Feb 24 2018 15:02:29 GMT+0000 (GMT)
[debug] [2018-02-24T15:02:29.516Z] >>> HTTP REQUEST GET https://cloudfunctions.googleapis.com/v1/operations/Zm9hbGFybS91cy1jZW50cmFsMS9zYXZlRm9hbGluZ0FsZXJ0L0lSWFdDSFk0ZU4w  
  
 Sat Feb 24 2018 15:02:29 GMT+0000 (GMT)
[debug] [2018-02-24T15:02:29.707Z] <<< HTTP RESPONSE 200
[debug] [2018-02-24T15:02:29.708Z] <<< HTTP RESPONSE 200
[debug] [2018-02-24T15:02:29.746Z] <<< HTTP RESPONSE 200
[debug] [2018-02-24T15:02:29.760Z] <<< HTTP RESPONSE 200
[debug] [2018-02-24T15:02:29.792Z] <<< HTTP RESPONSE 200
[debug] [2018-02-24T15:02:29.883Z] <<< HTTP RESPONSE 200
[debug] [2018-02-24T15:02:31.711Z] >>> HTTP REQUEST GET https://cloudfunctions.googleapis.com/v1/operations/Zm9hbGFybS91cy1jZW50cmFsMS9maXJlYmFzZVRvRmlyZXN0b3JlL0tmMG5HdVlvbkpB  
  
 Sat Feb 24 2018 15:02:31 GMT+0000 (GMT)
[debug] [2018-02-24T15:02:31.712Z] >>> HTTP REQUEST GET https://cloudfunctions.googleapis.com/v1/operations/Zm9hbGFybS91cy1jZW50cmFsMS9zZW5kRm9hbEFsZXJ0RW1haWwvbzQ4WUdfMWhXQjQ  
  
 Sat Feb 24 2018 15:02:31 GMT+0000 (GMT)
[debug] [2018-02-24T15:02:31.747Z] >>> HTTP REQUEST GET https://cloudfunctions.googleapis.com/v1/operations/Zm9hbGFybS91cy1jZW50cmFsMS90ZXh0Rm9hbEFsZXJ0LzlLejA2dnNzZW9j  
  
 Sat Feb 24 2018 15:02:31 GMT+0000 (GMT)
[debug] [2018-02-24T15:02:31.763Z] >>> HTTP REQUEST GET https://cloudfunctions.googleapis.com/v1/operations/Zm9hbGFybS91cy1jZW50cmFsMS9wdXNoTm90aWNhdGlvbi90RGJyS0FCN1V3MA  
  
 Sat Feb 24 2018 15:02:31 GMT+0000 (GMT)
[debug] [2018-02-24T15:02:31.794Z] >>> HTTP REQUEST GET https://cloudfunctions.googleapis.com/v1/operations/Zm9hbGFybS91cy1jZW50cmFsMS9zYXZlRm9hbGluZ0FsZXJ0L0lSWFdDSFk0ZU4w  
  
 Sat Feb 24 2018 15:02:31 GMT+0000 (GMT)
[debug] [2018-02-24T15:02:31.885Z] >>> HTTP REQUEST GET https://cloudfunctions.googleapis.com/v1/operations/Zm9hbGFybS91cy1jZW50cmFsMS9jcmVhdGVDU1YvWDZWYmRIZlFuZVU  
  
 Sat Feb 24 2018 15:02:31 GMT+0000 (GMT)
[debug] [2018-02-24T15:02:31.941Z] <<< HTTP RESPONSE 200
[debug] [2018-02-24T15:02:31.975Z] <<< HTTP RESPONSE 200
[debug] [2018-02-24T15:02:32.007Z] <<< HTTP RESPONSE 200
[debug] [2018-02-24T15:02:32.035Z] <<< HTTP RESPONSE 200
[debug] [2018-02-24T15:02:32.063Z] <<< HTTP RESPONSE 200
[debug] [2018-02-24T15:02:32.158Z] <<< HTTP RESPONSE 200
[debug] [2018-02-24T15:02:33.945Z] >>> HTTP REQUEST GET https://cloudfunctions.googleapis.com/v1/operations/Zm9hbGFybS91cy1jZW50cmFsMS9maXJlYmFzZVRvRmlyZXN0b3JlL0tmMG5HdVlvbkpB  
  
 Sat Feb 24 2018 15:02:33 GMT+0000 (GMT)
[debug] [2018-02-24T15:02:33.979Z] >>> HTTP REQUEST GET https://cloudfunctions.googleapis.com/v1/operations/Zm9hbGFybS91cy1jZW50cmFsMS9zZW5kRm9hbEFsZXJ0RW1haWwvbzQ4WUdfMWhXQjQ  
  
 Sat Feb 24 2018 15:02:33 GMT+0000 (GMT)
[debug] [2018-02-24T15:02:34.009Z] >>> HTTP REQUEST GET https://cloudfunctions.googleapis.com/v1/operations/Zm9hbGFybS91cy1jZW50cmFsMS90ZXh0Rm9hbEFsZXJ0LzlLejA2dnNzZW9j  
  
 Sat Feb 24 2018 15:02:34 GMT+0000 (GMT)
[debug] [2018-02-24T15:02:34.036Z] >>> HTTP REQUEST GET https://cloudfunctions.googleapis.com/v1/operations/Zm9hbGFybS91cy1jZW50cmFsMS9wdXNoTm90aWNhdGlvbi90RGJyS0FCN1V3MA  
  
 Sat Feb 24 2018 15:02:34 GMT+0000 (GMT)
[debug] [2018-02-24T15:02:34.064Z] >>> HTTP REQUEST GET https://cloudfunctions.googleapis.com/v1/operations/Zm9hbGFybS91cy1jZW50cmFsMS9zYXZlRm9hbGluZ0FsZXJ0L0lSWFdDSFk0ZU4w  
  
 Sat Feb 24 2018 15:02:34 GMT+0000 (GMT)
[debug] [2018-02-24T15:02:34.160Z] >>> HTTP REQUEST GET https://cloudfunctions.googleapis.com/v1/operations/Zm9hbGFybS91cy1jZW50cmFsMS9jcmVhdGVDU1YvWDZWYmRIZlFuZVU  
  
 Sat Feb 24 2018 15:02:34 GMT+0000 (GMT)
[debug] [2018-02-24T15:02:34.218Z] <<< HTTP RESPONSE 200
[debug] [2018-02-24T15:02:34.226Z] <<< HTTP RESPONSE 200
[debug] [2018-02-24T15:02:34.273Z] <<< HTTP RESPONSE 200
[debug] [2018-02-24T15:02:34.298Z] <<< HTTP RESPONSE 200
[debug] [2018-02-24T15:02:34.305Z] <<< HTTP RESPONSE 200
[debug] [2018-02-24T15:02:34.413Z] <<< HTTP RESPONSE 200
[debug] [2018-02-24T15:02:36.221Z] >>> HTTP REQUEST GET https://cloudfunctions.googleapis.com/v1/operations/Zm9hbGFybS91cy1jZW50cmFsMS9zZW5kRm9hbEFsZXJ0RW1haWwvbzQ4WUdfMWhXQjQ  
  
 Sat Feb 24 2018 15:02:36 GMT+0000 (GMT)
[debug] [2018-02-24T15:02:36.227Z] >>> HTTP REQUEST GET https://cloudfunctions.googleapis.com/v1/operations/Zm9hbGFybS91cy1jZW50cmFsMS9maXJlYmFzZVRvRmlyZXN0b3JlL0tmMG5HdVlvbkpB  
  
 Sat Feb 24 2018 15:02:36 GMT+0000 (GMT)
[debug] [2018-02-24T15:02:36.276Z] >>> HTTP REQUEST GET https://cloudfunctions.googleapis.com/v1/operations/Zm9hbGFybS91cy1jZW50cmFsMS90ZXh0Rm9hbEFsZXJ0LzlLejA2dnNzZW9j  
  
 Sat Feb 24 2018 15:02:36 GMT+0000 (GMT)
[debug] [2018-02-24T15:02:36.301Z] >>> HTTP REQUEST GET https://cloudfunctions.googleapis.com/v1/operations/Zm9hbGFybS91cy1jZW50cmFsMS9zYXZlRm9hbGluZ0FsZXJ0L0lSWFdDSFk0ZU4w  
  
 Sat Feb 24 2018 15:02:36 GMT+0000 (GMT)
[debug] [2018-02-24T15:02:36.305Z] >>> HTTP REQUEST GET https://cloudfunctions.googleapis.com/v1/operations/Zm9hbGFybS91cy1jZW50cmFsMS9wdXNoTm90aWNhdGlvbi90RGJyS0FCN1V3MA  
  
 Sat Feb 24 2018 15:02:36 GMT+0000 (GMT)
[debug] [2018-02-24T15:02:36.418Z] >>> HTTP REQUEST GET https://cloudfunctions.googleapis.com/v1/operations/Zm9hbGFybS91cy1jZW50cmFsMS9jcmVhdGVDU1YvWDZWYmRIZlFuZVU  
  
 Sat Feb 24 2018 15:02:36 GMT+0000 (GMT)
[debug] [2018-02-24T15:02:36.496Z] <<< HTTP RESPONSE 200
[debug] [2018-02-24T15:02:36.496Z] <<< HTTP RESPONSE 200
[debug] [2018-02-24T15:02:36.541Z] <<< HTTP RESPONSE 200
[debug] [2018-02-24T15:02:36.557Z] <<< HTTP RESPONSE 200
[debug] [2018-02-24T15:02:36.569Z] <<< HTTP RESPONSE 200
[debug] [2018-02-24T15:02:36.667Z] <<< HTTP RESPONSE 200
[debug] [2018-02-24T15:02:38.496Z] >>> HTTP REQUEST GET https://cloudfunctions.googleapis.com/v1/operations/Zm9hbGFybS91cy1jZW50cmFsMS9maXJlYmFzZVRvRmlyZXN0b3JlL0tmMG5HdVlvbkpB  
  
 Sat Feb 24 2018 15:02:38 GMT+0000 (GMT)
[debug] [2018-02-24T15:02:38.498Z] >>> HTTP REQUEST GET https://cloudfunctions.googleapis.com/v1/operations/Zm9hbGFybS91cy1jZW50cmFsMS9zZW5kRm9hbEFsZXJ0RW1haWwvbzQ4WUdfMWhXQjQ  
  
 Sat Feb 24 2018 15:02:38 GMT+0000 (GMT)
[debug] [2018-02-24T15:02:38.542Z] >>> HTTP REQUEST GET https://cloudfunctions.googleapis.com/v1/operations/Zm9hbGFybS91cy1jZW50cmFsMS90ZXh0Rm9hbEFsZXJ0LzlLejA2dnNzZW9j  
  
 Sat Feb 24 2018 15:02:38 GMT+0000 (GMT)
[debug] [2018-02-24T15:02:38.560Z] >>> HTTP REQUEST GET https://cloudfunctions.googleapis.com/v1/operations/Zm9hbGFybS91cy1jZW50cmFsMS9zYXZlRm9hbGluZ0FsZXJ0L0lSWFdDSFk0ZU4w  
  
 Sat Feb 24 2018 15:02:38 GMT+0000 (GMT)
[debug] [2018-02-24T15:02:38.571Z] >>> HTTP REQUEST GET https://cloudfunctions.googleapis.com/v1/operations/Zm9hbGFybS91cy1jZW50cmFsMS9wdXNoTm90aWNhdGlvbi90RGJyS0FCN1V3MA  
  
 Sat Feb 24 2018 15:02:38 GMT+0000 (GMT)
[debug] [2018-02-24T15:02:38.669Z] >>> HTTP REQUEST GET https://cloudfunctions.googleapis.com/v1/operations/Zm9hbGFybS91cy1jZW50cmFsMS9jcmVhdGVDU1YvWDZWYmRIZlFuZVU  
  
 Sat Feb 24 2018 15:02:38 GMT+0000 (GMT)
[debug] [2018-02-24T15:02:38.732Z] <<< HTTP RESPONSE 200
[debug] [2018-02-24T15:02:38.745Z] <<< HTTP RESPONSE 200
[debug] [2018-02-24T15:02:38.800Z] <<< HTTP RESPONSE 200
[debug] [2018-02-24T15:02:38.823Z] <<< HTTP RESPONSE 200
[debug] [2018-02-24T15:02:38.838Z] <<< HTTP RESPONSE 200
[debug] [2018-02-24T15:02:38.942Z] <<< HTTP RESPONSE 200
